{"numFailedTestSuites":0,"numFailedTests":0,"numPassedTestSuites":1,"numPassedTests":12,"numPendingTestSuites":0,"numPendingTests":0,"numRuntimeErrorTestSuites":0,"numTodoTests":0,"numTotalTestSuites":1,"numTotalTests":12,"openHandles":[],"snapshot":{"added":0,"didUpdate":false,"failure":false,"filesAdded":0,"filesRemoved":0,"filesRemovedList":[],"filesUnmatched":0,"filesUpdated":0,"matched":0,"total":0,"unchecked":0,"uncheckedKeysByFile":[],"unmatched":0,"updated":0},"startTime":1716279420050,"success":true,"testResults":[{"assertionResults":[{"ancestorTitles":["Server Endpoints","API key"],"duration":58,"failureDetails":[],"failureMessages":[],"fullName":"Server Endpoints API key should return 403 forbidden for no key","invocations":1,"location":null,"numPassingAsserts":0,"retryReasons":[],"status":"passed","title":"should return 403 forbidden for no key"},{"ancestorTitles":["Server Endpoints","API key"],"duration":12,"failureDetails":[],"failureMessages":[],"fullName":"Server Endpoints API key should return 200 for valid key","invocations":1,"location":null,"numPassingAsserts":0,"retryReasons":[],"status":"passed","title":"should return 200 for valid key"},{"ancestorTitles":["Server Endpoints","API key"],"duration":4,"failureDetails":[],"failureMessages":[],"fullName":"Server Endpoints API key should return 403 for invalid key","invocations":1,"location":null,"numPassingAsserts":0,"retryReasons":[],"status":"passed","title":"should return 403 for invalid key"},{"ancestorTitles":["Server Endpoints","GET /resources"],"duration":5,"failureDetails":[],"failureMessages":[],"fullName":"Server Endpoints GET /resources should return resources","invocations":1,"location":null,"numPassingAsserts":1,"retryReasons":[],"status":"passed","title":"should return resources"},{"ancestorTitles":["Server Endpoints","POST /resources"],"duration":5,"failureDetails":[],"failureMessages":[],"fullName":"Server Endpoints POST /resources should add a new resource","invocations":1,"location":null,"numPassingAsserts":1,"retryReasons":[],"status":"passed","title":"should add a new resource"},{"ancestorTitles":["Server Endpoints","POST /resources"],"duration":4,"failureDetails":[],"failureMessages":[],"fullName":"Server Endpoints POST /resources should return 400 for empty body","invocations":1,"location":null,"numPassingAsserts":0,"retryReasons":[],"status":"passed","title":"should return 400 for empty body"},{"ancestorTitles":["Server Endpoints","PUT /resources"],"duration":5,"failureDetails":[],"failureMessages":[],"fullName":"Server Endpoints PUT /resources should update an existing resource","invocations":1,"location":null,"numPassingAsserts":1,"retryReasons":[],"status":"passed","title":"should update an existing resource"},{"ancestorTitles":["Server Endpoints","PUT /resources"],"duration":4,"failureDetails":[],"failureMessages":[],"fullName":"Server Endpoints PUT /resources should return 404 for non-existent resource","invocations":1,"location":null,"numPassingAsserts":0,"retryReasons":[],"status":"passed","title":"should return 404 for non-existent resource"},{"ancestorTitles":["Server Endpoints","DELETE /resources"],"duration":5,"failureDetails":[],"failureMessages":[],"fullName":"Server Endpoints DELETE /resources should delete an existing resource","invocations":1,"location":null,"numPassingAsserts":1,"retryReasons":[],"status":"passed","title":"should delete an existing resource"},{"ancestorTitles":["Server Endpoints","DELETE /resources"],"duration":4,"failureDetails":[],"failureMessages":[],"fullName":"Server Endpoints DELETE /resources should return 404 for non-existent resource","invocations":1,"location":null,"numPassingAsserts":0,"retryReasons":[],"status":"passed","title":"should return 404 for non-existent resource"},{"ancestorTitles":["Server Endpoints","POST /images"],"duration":5,"failureDetails":[],"failureMessages":[],"fullName":"Server Endpoints POST /images should upload an image","invocations":1,"location":null,"numPassingAsserts":1,"retryReasons":[],"status":"passed","title":"should upload an image"},{"ancestorTitles":["Server Endpoints","POST /images"],"duration":3,"failureDetails":[],"failureMessages":[],"fullName":"Server Endpoints POST /images should return 400 for invalid file upload","invocations":1,"location":null,"numPassingAsserts":0,"retryReasons":[],"status":"passed","title":"should return 400 for invalid file upload"}],"endTime":1716279420848,"message":"","name":"/home/runner/work/HiperNodersJS/HiperNodersJS/test/server.test.js","startTime":1716279420079,"status":"passed","summary":""}],"wasInterrupted":false}
